Determining if the pthread_create exist failed with the following output:
Change Dir: /home/au/Desktop/Sensor_Fusion/SFND_Lidar_Obstacle_Detection/src/quiz/cluster/build/CMakeFiles/CMakeTmp

Run Build Command:"/usr/bin/make" "cmTC_f2301/fast"
/usr/bin/make -f CMakeFiles/cmTC_f2301.dir/build.make CMakeFiles/cmTC_f2301.dir/build
make[1]: Entering directory '/home/au/Desktop/Sensor_Fusion/SFND_Lidar_Obstacle_Detection/src/quiz/cluster/build/CMakeFiles/CMakeTmp'
Building C object CMakeFiles/cmTC_f2301.dir/CheckSymbolExists.c.o
/usr/bin/cc    -o CMakeFiles/cmTC_f2301.dir/CheckSymbolExists.c.o   -c /home/au/Desktop/Sensor_Fusion/SFND_Lidar_Obstacle_Detection/src/quiz/cluster/build/CMakeFiles/CMakeTmp/CheckSymbolExists.c
Linking C executable cmTC_f2301
/usr/bin/cmake -E cmake_link_script CMakeFiles/cmTC_f2301.dir/link.txt --verbose=1
/usr/bin/cc      -rdynamic CMakeFiles/cmTC_f2301.dir/CheckSymbolExists.c.o  -o cmTC_f2301 
CMakeFiles/cmTC_f2301.dir/CheckSymbolExists.c.o: In function `main':
CheckSymbolExists.c:(.text+0x1b): undefined reference to `pthread_create'
collect2: error: ld returned 1 exit status
CMakeFiles/cmTC_f2301.dir/build.make:97: recipe for target 'cmTC_f2301' failed
make[1]: *** [cmTC_f2301] Error 1
make[1]: Leaving directory '/home/au/Desktop/Sensor_Fusion/SFND_Lidar_Obstacle_Detection/src/quiz/cluster/build/CMakeFiles/CMakeTmp'
Makefile:126: recipe for target 'cmTC_f2301/fast' failed
make: *** [cmTC_f2301/fast] Error 2

File /home/au/Desktop/Sensor_Fusion/SFND_Lidar_Obstacle_Detection/src/quiz/cluster/build/CMakeFiles/CMakeTmp/CheckSymbolExists.c:
/* */
#include <pthread.h>

int main(int argc, char** argv)
{
  (void)argv;
#ifndef pthread_create
  return ((int*)(&pthread_create))[argc];
#else
  (void)argc;
  return 0;
#endif
}

Determining if the function pthread_create exists in the pthreads failed with the following output:
Change Dir: /home/au/Desktop/Sensor_Fusion/SFND_Lidar_Obstacle_Detection/src/quiz/cluster/build/CMakeFiles/CMakeTmp

Run Build Command:"/usr/bin/make" "cmTC_b0221/fast"
/usr/bin/make -f CMakeFiles/cmTC_b0221.dir/build.make CMakeFiles/cmTC_b0221.dir/build
make[1]: Entering directory '/home/au/Desktop/Sensor_Fusion/SFND_Lidar_Obstacle_Detection/src/quiz/cluster/build/CMakeFiles/CMakeTmp'
Building C object CMakeFiles/cmTC_b0221.dir/CheckFunctionExists.c.o
/usr/bin/cc   -DCHECK_FUNCTION_EXISTS=pthread_create   -o CMakeFiles/cmTC_b0221.dir/CheckFunctionExists.c.o   -c /usr/share/cmake-3.10/Modules/CheckFunctionExists.c
Linking C executable cmTC_b0221
/usr/bin/cmake -E cmake_link_script CMakeFiles/cmTC_b0221.dir/link.txt --verbose=1
/usr/bin/cc  -DCHECK_FUNCTION_EXISTS=pthread_create    -rdynamic CMakeFiles/cmTC_b0221.dir/CheckFunctionExists.c.o  -o cmTC_b0221 -lpthreads 
/usr/bin/ld: cannot find -lpthreads
collect2: error: ld returned 1 exit status
CMakeFiles/cmTC_b0221.dir/build.make:97: recipe for target 'cmTC_b0221' failed
make[1]: *** [cmTC_b0221] Error 1
make[1]: Leaving directory '/home/au/Desktop/Sensor_Fusion/SFND_Lidar_Obstacle_Detection/src/quiz/cluster/build/CMakeFiles/CMakeTmp'
Makefile:126: recipe for target 'cmTC_b0221/fast' failed
make: *** [cmTC_b0221/fast] Error 2


