Determining if the pthread_create exist failed with the following output:
Change Dir: /home/au/Desktop/Sensor_Fusion/SFND_Lidar_Obstacle_Detection/build/CMakeFiles/CMakeTmp

Run Build Command:"/usr/bin/make" "cmTC_dc4ba/fast"
/usr/bin/make -f CMakeFiles/cmTC_dc4ba.dir/build.make CMakeFiles/cmTC_dc4ba.dir/build
make[1]: Entering directory '/home/au/Desktop/Sensor_Fusion/SFND_Lidar_Obstacle_Detection/build/CMakeFiles/CMakeTmp'
Building C object CMakeFiles/cmTC_dc4ba.dir/CheckSymbolExists.c.o
/usr/bin/gcc-7    -o CMakeFiles/cmTC_dc4ba.dir/CheckSymbolExists.c.o   -c /home/au/Desktop/Sensor_Fusion/SFND_Lidar_Obstacle_Detection/build/CMakeFiles/CMakeTmp/CheckSymbolExists.c
Linking C executable cmTC_dc4ba
/usr/bin/cmake -E cmake_link_script CMakeFiles/cmTC_dc4ba.dir/link.txt --verbose=1
/usr/bin/gcc-7      -rdynamic CMakeFiles/cmTC_dc4ba.dir/CheckSymbolExists.c.o  -o cmTC_dc4ba 
CMakeFiles/cmTC_dc4ba.dir/CheckSymbolExists.c.o: In function `main':
CheckSymbolExists.c:(.text+0x1b): undefined reference to `pthread_create'
collect2: error: ld returned 1 exit status
CMakeFiles/cmTC_dc4ba.dir/build.make:97: recipe for target 'cmTC_dc4ba' failed
make[1]: *** [cmTC_dc4ba] Error 1
make[1]: Leaving directory '/home/au/Desktop/Sensor_Fusion/SFND_Lidar_Obstacle_Detection/build/CMakeFiles/CMakeTmp'
Makefile:126: recipe for target 'cmTC_dc4ba/fast' failed
make: *** [cmTC_dc4ba/fast] Error 2

File /home/au/Desktop/Sensor_Fusion/SFND_Lidar_Obstacle_Detection/build/CMakeFiles/CMakeTmp/CheckSymbolExists.c:
/* */
#include <pthread.h>

int main(int argc, char** argv)
{
  (void)argv;
#ifndef pthread_create
  return ((int*)(&pthread_create))[argc];
#else
  (void)argc;
  return 0;
#endif
}

Determining if the function pthread_create exists in the pthreads failed with the following output:
Change Dir: /home/au/Desktop/Sensor_Fusion/SFND_Lidar_Obstacle_Detection/build/CMakeFiles/CMakeTmp

Run Build Command:"/usr/bin/make" "cmTC_01a96/fast"
/usr/bin/make -f CMakeFiles/cmTC_01a96.dir/build.make CMakeFiles/cmTC_01a96.dir/build
make[1]: Entering directory '/home/au/Desktop/Sensor_Fusion/SFND_Lidar_Obstacle_Detection/build/CMakeFiles/CMakeTmp'
Building C object CMakeFiles/cmTC_01a96.dir/CheckFunctionExists.c.o
/usr/bin/gcc-7   -DCHECK_FUNCTION_EXISTS=pthread_create   -o CMakeFiles/cmTC_01a96.dir/CheckFunctionExists.c.o   -c /usr/share/cmake-3.10/Modules/CheckFunctionExists.c
Linking C executable cmTC_01a96
/usr/bin/cmake -E cmake_link_script CMakeFiles/cmTC_01a96.dir/link.txt --verbose=1
/usr/bin/gcc-7  -DCHECK_FUNCTION_EXISTS=pthread_create    -rdynamic CMakeFiles/cmTC_01a96.dir/CheckFunctionExists.c.o  -o cmTC_01a96 -lpthreads 
/usr/bin/ld: cannot find -lpthreads
collect2: error: ld returned 1 exit status
CMakeFiles/cmTC_01a96.dir/build.make:97: recipe for target 'cmTC_01a96' failed
make[1]: *** [cmTC_01a96] Error 1
make[1]: Leaving directory '/home/au/Desktop/Sensor_Fusion/SFND_Lidar_Obstacle_Detection/build/CMakeFiles/CMakeTmp'
Makefile:126: recipe for target 'cmTC_01a96/fast' failed
make: *** [cmTC_01a96/fast] Error 2


